0 info it worked if it ends with ok
1 verbose cli [ 'C:\\Program Files\\nodejs\\node.exe',
1 verbose cli   'C:\\ProgramData\\chocolatey\\lib\\npm\\tools\\node_modules\\npm\\bin\\npm-cli.js',
1 verbose cli   'install' ]
2 info using npm@1.4.9
3 info using node@v8.0.0
4 warn package.json g-engin@0.0.1 No repository field.
5 verbose readDependencies using package.json deps
6 verbose install where, deps [ 'D:\\GitHub\\LivrosQueJaLi\\g-engin',
6 verbose install   [ 'typescript',
6 verbose install     'vscode',
6 verbose install     'mocha',
6 verbose install     'eslint',
6 verbose install     '@types/node',
6 verbose install     '@types/mocha' ] ]
7 info preinstall g-engin@0.0.1
8 verbose readDependencies using package.json deps
9 verbose cache add [ 'eslint@^3.6.0', null ]
10 verbose cache add name=undefined spec="eslint@^3.6.0" args=["eslint@^3.6.0",null]
11 verbose parsed url Url {
11 verbose parsed url   protocol: null,
11 verbose parsed url   slashes: null,
11 verbose parsed url   auth: null,
11 verbose parsed url   host: null,
11 verbose parsed url   port: null,
11 verbose parsed url   hostname: null,
11 verbose parsed url   hash: null,
11 verbose parsed url   search: null,
11 verbose parsed url   query: null,
11 verbose parsed url   pathname: 'eslint@%5E3.6.0',
11 verbose parsed url   path: 'eslint@%5E3.6.0',
11 verbose parsed url   href: 'eslint@%5E3.6.0' }
12 verbose cache add name="eslint" spec="^3.6.0" args=["eslint","^3.6.0"]
13 verbose parsed url Url {
13 verbose parsed url   protocol: null,
13 verbose parsed url   slashes: null,
13 verbose parsed url   auth: null,
13 verbose parsed url   host: null,
13 verbose parsed url   port: null,
13 verbose parsed url   hostname: null,
13 verbose parsed url   hash: null,
13 verbose parsed url   search: null,
13 verbose parsed url   query: null,
13 verbose parsed url   pathname: '%5E3.6.0',
13 verbose parsed url   path: '%5E3.6.0',
13 verbose parsed url   href: '%5E3.6.0' }
14 verbose addNamed [ 'eslint', '^3.6.0' ]
15 verbose addNamed [ null, '>=3.6.0-0 <4.0.0-0' ]
16 verbose cache add [ '@types/node@^6.0.40', null ]
17 verbose cache add name=undefined spec="@types/node@^6.0.40" args=["@types/node@^6.0.40",null]
18 verbose parsed url Url {
18 verbose parsed url   protocol: null,
18 verbose parsed url   slashes: null,
18 verbose parsed url   auth: null,
18 verbose parsed url   host: null,
18 verbose parsed url   port: null,
18 verbose parsed url   hostname: null,
18 verbose parsed url   hash: null,
18 verbose parsed url   search: null,
18 verbose parsed url   query: null,
18 verbose parsed url   pathname: '@types/node@%5E6.0.40',
18 verbose parsed url   path: '@types/node@%5E6.0.40',
18 verbose parsed url   href: '@types/node@%5E6.0.40' }
19 verbose cache add [ '@types/mocha@^2.2.32', null ]
20 verbose cache add name=undefined spec="@types/mocha@^2.2.32" args=["@types/mocha@^2.2.32",null]
21 verbose parsed url Url {
21 verbose parsed url   protocol: null,
21 verbose parsed url   slashes: null,
21 verbose parsed url   auth: null,
21 verbose parsed url   host: null,
21 verbose parsed url   port: null,
21 verbose parsed url   hostname: null,
21 verbose parsed url   hash: null,
21 verbose parsed url   search: null,
21 verbose parsed url   query: null,
21 verbose parsed url   pathname: '@types/mocha@%5E2.2.32',
21 verbose parsed url   path: '@types/mocha@%5E2.2.32',
21 verbose parsed url   href: '@types/mocha@%5E2.2.32' }
22 verbose cache add [ 'typescript@^2.0.3', null ]
23 verbose cache add name=undefined spec="typescript@^2.0.3" args=["typescript@^2.0.3",null]
24 verbose parsed url Url {
24 verbose parsed url   protocol: null,
24 verbose parsed url   slashes: null,
24 verbose parsed url   auth: null,
24 verbose parsed url   host: null,
24 verbose parsed url   port: null,
24 verbose parsed url   hostname: null,
24 verbose parsed url   hash: null,
24 verbose parsed url   search: null,
24 verbose parsed url   query: null,
24 verbose parsed url   pathname: 'typescript@%5E2.0.3',
24 verbose parsed url   path: 'typescript@%5E2.0.3',
24 verbose parsed url   href: 'typescript@%5E2.0.3' }
25 verbose cache add name="typescript" spec="^2.0.3" args=["typescript","^2.0.3"]
26 verbose parsed url Url {
26 verbose parsed url   protocol: null,
26 verbose parsed url   slashes: null,
26 verbose parsed url   auth: null,
26 verbose parsed url   host: null,
26 verbose parsed url   port: null,
26 verbose parsed url   hostname: null,
26 verbose parsed url   hash: null,
26 verbose parsed url   search: null,
26 verbose parsed url   query: null,
26 verbose parsed url   pathname: '%5E2.0.3',
26 verbose parsed url   path: '%5E2.0.3',
26 verbose parsed url   href: '%5E2.0.3' }
27 verbose addNamed [ 'typescript', '^2.0.3' ]
28 verbose addNamed [ null, '>=2.0.3-0 <3.0.0-0' ]
29 verbose cache add [ 'vscode@^1.0.0', null ]
30 verbose cache add name=undefined spec="vscode@^1.0.0" args=["vscode@^1.0.0",null]
31 verbose parsed url Url {
31 verbose parsed url   protocol: null,
31 verbose parsed url   slashes: null,
31 verbose parsed url   auth: null,
31 verbose parsed url   host: null,
31 verbose parsed url   port: null,
31 verbose parsed url   hostname: null,
31 verbose parsed url   hash: null,
31 verbose parsed url   search: null,
31 verbose parsed url   query: null,
31 verbose parsed url   pathname: 'vscode@%5E1.0.0',
31 verbose parsed url   path: 'vscode@%5E1.0.0',
31 verbose parsed url   href: 'vscode@%5E1.0.0' }
32 verbose cache add name="vscode" spec="^1.0.0" args=["vscode","^1.0.0"]
33 verbose parsed url Url {
33 verbose parsed url   protocol: null,
33 verbose parsed url   slashes: null,
33 verbose parsed url   auth: null,
33 verbose parsed url   host: null,
33 verbose parsed url   port: null,
33 verbose parsed url   hostname: null,
33 verbose parsed url   hash: null,
33 verbose parsed url   search: null,
33 verbose parsed url   query: null,
33 verbose parsed url   pathname: '%5E1.0.0',
33 verbose parsed url   path: '%5E1.0.0',
33 verbose parsed url   href: '%5E1.0.0' }
34 verbose addNamed [ 'vscode', '^1.0.0' ]
35 verbose addNamed [ null, '>=1.0.0-0 <2.0.0-0' ]
36 silly lockFile 0f184ee5-eslint-3-6-0 eslint@^3.6.0
37 verbose lock eslint@^3.6.0 C:\Users\User\AppData\Roaming\npm-cache\0f184ee5-eslint-3-6-0.lock
38 verbose cache add name="" spec="types/node@^6.0.40" args=["","types/node@^6.0.40"]
39 verbose parsed url Url {
39 verbose parsed url   protocol: null,
39 verbose parsed url   slashes: null,
39 verbose parsed url   auth: null,
39 verbose parsed url   host: null,
39 verbose parsed url   port: null,
39 verbose parsed url   hostname: null,
39 verbose parsed url   hash: null,
39 verbose parsed url   search: null,
39 verbose parsed url   query: null,
39 verbose parsed url   pathname: 'types/node@%5E6.0.40',
39 verbose parsed url   path: 'types/node@%5E6.0.40',
39 verbose parsed url   href: 'types/node@%5E6.0.40' }
40 verbose cache add name="" spec="types/mocha@^2.2.32" args=["","types/mocha@^2.2.32"]
41 verbose parsed url Url {
41 verbose parsed url   protocol: null,
41 verbose parsed url   slashes: null,
41 verbose parsed url   auth: null,
41 verbose parsed url   host: null,
41 verbose parsed url   port: null,
41 verbose parsed url   hostname: null,
41 verbose parsed url   hash: null,
41 verbose parsed url   search: null,
41 verbose parsed url   query: null,
41 verbose parsed url   pathname: 'types/mocha@%5E2.2.32',
41 verbose parsed url   path: 'types/mocha@%5E2.2.32',
41 verbose parsed url   href: 'types/mocha@%5E2.2.32' }
42 silly lockFile fcf6d2df-typescript-2-0-3 typescript@^2.0.3
43 verbose lock typescript@^2.0.3 C:\Users\User\AppData\Roaming\npm-cache\fcf6d2df-typescript-2-0-3.lock
44 verbose cache add [ 'mocha@^2.3.3', null ]
45 verbose cache add name=undefined spec="mocha@^2.3.3" args=["mocha@^2.3.3",null]
46 verbose parsed url Url {
46 verbose parsed url   protocol: null,
46 verbose parsed url   slashes: null,
46 verbose parsed url   auth: null,
46 verbose parsed url   host: null,
46 verbose parsed url   port: null,
46 verbose parsed url   hostname: null,
46 verbose parsed url   hash: null,
46 verbose parsed url   search: null,
46 verbose parsed url   query: null,
46 verbose parsed url   pathname: 'mocha@%5E2.3.3',
46 verbose parsed url   path: 'mocha@%5E2.3.3',
46 verbose parsed url   href: 'mocha@%5E2.3.3' }
47 verbose cache add name="mocha" spec="^2.3.3" args=["mocha","^2.3.3"]
48 verbose parsed url Url {
48 verbose parsed url   protocol: null,
48 verbose parsed url   slashes: null,
48 verbose parsed url   auth: null,
48 verbose parsed url   host: null,
48 verbose parsed url   port: null,
48 verbose parsed url   hostname: null,
48 verbose parsed url   hash: null,
48 verbose parsed url   search: null,
48 verbose parsed url   query: null,
48 verbose parsed url   pathname: '%5E2.3.3',
48 verbose parsed url   path: '%5E2.3.3',
48 verbose parsed url   href: '%5E2.3.3' }
49 verbose addNamed [ 'mocha', '^2.3.3' ]
50 verbose addNamed [ null, '>=2.3.3-0 <3.0.0-0' ]
51 silly lockFile 269a5e08-mocha-2-3-3 mocha@^2.3.3
52 verbose lock mocha@^2.3.3 C:\Users\User\AppData\Roaming\npm-cache\269a5e08-mocha-2-3-3.lock
53 silly lockFile 3fffe118-vscode-1-0-0 vscode@^1.0.0
54 verbose lock vscode@^1.0.0 C:\Users\User\AppData\Roaming\npm-cache\3fffe118-vscode-1-0-0.lock
55 verbose cache add name="types/node" spec="^6.0.40" args=["types/node","^6.0.40"]
56 verbose parsed url Url {
56 verbose parsed url   protocol: null,
56 verbose parsed url   slashes: null,
56 verbose parsed url   auth: null,
56 verbose parsed url   host: null,
56 verbose parsed url   port: null,
56 verbose parsed url   hostname: null,
56 verbose parsed url   hash: null,
56 verbose parsed url   search: null,
56 verbose parsed url   query: null,
56 verbose parsed url   pathname: '%5E6.0.40',
56 verbose parsed url   path: '%5E6.0.40',
56 verbose parsed url   href: '%5E6.0.40' }
57 verbose addNamed [ 'types/node', '^6.0.40' ]
58 verbose addNamed [ null, '>=6.0.40-0 <7.0.0-0' ]
59 silly lockFile 21b9c1f4-types-node-6-0-40 types/node@^6.0.40
60 verbose lock types/node@^6.0.40 C:\Users\User\AppData\Roaming\npm-cache\21b9c1f4-types-node-6-0-40.lock
61 verbose cache add name="types/mocha" spec="^2.2.32" args=["types/mocha","^2.2.32"]
62 verbose parsed url Url {
62 verbose parsed url   protocol: null,
62 verbose parsed url   slashes: null,
62 verbose parsed url   auth: null,
62 verbose parsed url   host: null,
62 verbose parsed url   port: null,
62 verbose parsed url   hostname: null,
62 verbose parsed url   hash: null,
62 verbose parsed url   search: null,
62 verbose parsed url   query: null,
62 verbose parsed url   pathname: '%5E2.2.32',
62 verbose parsed url   path: '%5E2.2.32',
62 verbose parsed url   href: '%5E2.2.32' }
63 verbose addNamed [ 'types/mocha', '^2.2.32' ]
64 verbose addNamed [ null, '>=2.2.32-0 <3.0.0-0' ]
65 silly lockFile 96189d3f-types-mocha-2-2-32 types/mocha@^2.2.32
66 verbose lock types/mocha@^2.2.32 C:\Users\User\AppData\Roaming\npm-cache\96189d3f-types-mocha-2-2-32.lock
67 silly addNameRange { name: 'eslint', range: '>=3.6.0-0 <4.0.0-0', hasData: false }
68 silly addNameRange { name: 'typescript',
68 silly addNameRange   range: '>=2.0.3-0 <3.0.0-0',
68 silly addNameRange   hasData: false }
69 silly addNameRange { name: 'mocha', range: '>=2.3.3-0 <3.0.0-0', hasData: false }
70 silly addNameRange { name: 'vscode', range: '>=1.0.0-0 <2.0.0-0', hasData: false }
71 silly addNameRange { name: 'types/node',
71 silly addNameRange   range: '>=6.0.40-0 <7.0.0-0',
71 silly addNameRange   hasData: false }
72 silly addNameRange { name: 'types/mocha',
72 silly addNameRange   range: '>=2.2.32-0 <3.0.0-0',
72 silly addNameRange   hasData: false }
73 verbose url raw eslint
74 verbose url resolving [ 'https://registry.npmjs.org/', './eslint' ]
75 verbose url resolved https://registry.npmjs.org/eslint
76 info trying registry request attempt 1 at 12:05:22
77 verbose etag W/"5950bd0b-746cc"
78 http GET https://registry.npmjs.org/eslint
79 verbose url raw typescript
80 verbose url resolving [ 'https://registry.npmjs.org/', './typescript' ]
81 verbose url resolved https://registry.npmjs.org/typescript
82 info trying registry request attempt 1 at 12:05:22
83 verbose etag W/"59553b4f-1ad5b5"
84 http GET https://registry.npmjs.org/typescript
85 verbose url raw vscode
86 verbose url resolving [ 'https://registry.npmjs.org/', './vscode' ]
87 verbose url resolved https://registry.npmjs.org/vscode
88 info trying registry request attempt 1 at 12:05:22
89 verbose etag W/"59520dd1-1f16d"
90 http GET https://registry.npmjs.org/vscode
91 verbose url raw types/node
92 verbose url resolving [ 'https://registry.npmjs.org/', './types/node' ]
93 verbose url resolved https://registry.npmjs.org/types/node
94 info trying registry request attempt 1 at 12:05:22
95 http GET https://registry.npmjs.org/types/node
96 verbose url raw mocha
97 verbose url resolving [ 'https://registry.npmjs.org/', './mocha' ]
98 verbose url resolved https://registry.npmjs.org/mocha
99 info trying registry request attempt 1 at 12:05:22
100 verbose etag W/"595358f5-a6f23"
101 http GET https://registry.npmjs.org/mocha
102 verbose url raw types/mocha
103 verbose url resolving [ 'https://registry.npmjs.org/', './types/mocha' ]
104 verbose url resolved https://registry.npmjs.org/types/mocha
105 info trying registry request attempt 1 at 12:05:22
106 http GET https://registry.npmjs.org/types/mocha
107 http 304 https://registry.npmjs.org/vscode
108 silly registry.get cb [ 304,
108 silly registry.get   { date: 'Fri, 30 Jun 2017 15:05:22 GMT',
108 silly registry.get     via: '1.1 varnish',
108 silly registry.get     'cache-control': 'max-age=300',
108 silly registry.get     etag: 'W/"59520dd1-1f16d"',
108 silly registry.get     age: '216',
108 silly registry.get     connection: 'close',
108 silly registry.get     'x-served-by': 'cache-atl6235-ATL',
108 silly registry.get     'x-cache': 'HIT',
108 silly registry.get     'x-cache-hits': '1',
108 silly registry.get     'x-timer': 'S1498835123.659970,VS0,VE0',
108 silly registry.get     vary: 'Accept-Encoding' } ]
109 verbose etag vscode from cache
110 http 304 https://registry.npmjs.org/eslint
111 silly registry.get cb [ 304,
111 silly registry.get   { date: 'Fri, 30 Jun 2017 15:05:22 GMT',
111 silly registry.get     via: '1.1 varnish',
111 silly registry.get     'cache-control': 'max-age=300',
111 silly registry.get     etag: 'W/"5950bd0b-746cc"',
111 silly registry.get     age: '8',
111 silly registry.get     connection: 'close',
111 silly registry.get     'x-served-by': 'cache-atl6228-ATL',
111 silly registry.get     'x-cache': 'HIT',
111 silly registry.get     'x-cache-hits': '1',
111 silly registry.get     'x-timer': 'S1498835123.673103,VS0,VE1',
111 silly registry.get     vary: 'Accept-Encoding' } ]
112 verbose etag eslint from cache
113 http 304 https://registry.npmjs.org/mocha
114 silly registry.get cb [ 304,
114 silly registry.get   { date: 'Fri, 30 Jun 2017 15:05:22 GMT',
114 silly registry.get     via: '1.1 varnish',
114 silly registry.get     'cache-control': 'max-age=300',
114 silly registry.get     etag: 'W/"595358f5-a6f23"',
114 silly registry.get     age: '48',
114 silly registry.get     connection: 'close',
114 silly registry.get     'x-served-by': 'cache-atl6231-ATL',
114 silly registry.get     'x-cache': 'HIT',
114 silly registry.get     'x-cache-hits': '1',
114 silly registry.get     'x-timer': 'S1498835123.678304,VS0,VE1',
114 silly registry.get     vary: 'Accept-Encoding' } ]
115 verbose etag mocha from cache
116 http 304 https://registry.npmjs.org/typescript
117 silly registry.get cb [ 304,
117 silly registry.get   { date: 'Fri, 30 Jun 2017 15:05:22 GMT',
117 silly registry.get     via: '1.1 varnish',
117 silly registry.get     'cache-control': 'max-age=300',
117 silly registry.get     etag: 'W/"59553b4f-1ad5b5"',
117 silly registry.get     age: '68',
117 silly registry.get     connection: 'close',
117 silly registry.get     'x-served-by': 'cache-atl6227-ATL',
117 silly registry.get     'x-cache': 'HIT',
117 silly registry.get     'x-cache-hits': '1',
117 silly registry.get     'x-timer': 'S1498835123.689454,VS0,VE1',
117 silly registry.get     vary: 'Accept-Encoding' } ]
118 verbose etag typescript from cache
119 silly addNameRange number 2 { name: 'typescript',
119 silly addNameRange   range: '>=2.0.3-0 <3.0.0-0',
119 silly addNameRange   hasData: true }
120 silly addNameRange versions [ 'typescript',
120 silly addNameRange   [ '0.8.0',
120 silly addNameRange     '0.8.1',
120 silly addNameRange     '0.8.1-1',
120 silly addNameRange     '0.8.2',
120 silly addNameRange     '0.8.3',
120 silly addNameRange     '0.9.0',
120 silly addNameRange     '0.9.0-1',
120 silly addNameRange     '0.9.1',
120 silly addNameRange     '0.9.1-1',
120 silly addNameRange     '0.9.5',
120 silly addNameRange     '0.9.7',
120 silly addNameRange     '1.0.0',
120 silly addNameRange     '1.0.1',
120 silly addNameRange     '1.1.0-1',
120 silly addNameRange     '1.3.0',
120 silly addNameRange     '1.4.1',
120 silly addNameRange     '1.5.0-alpha',
120 silly addNameRange     '1.5.0-beta',
120 silly addNameRange     '1.5.3',
120 silly addNameRange     '1.6.0-dev.20150722.1',
120 silly addNameRange     '1.6.0-dev.20150723',
120 silly addNameRange     '1.6.0-dev.20150724',
120 silly addNameRange     '1.6.0-dev.20150725',
120 silly addNameRange     '1.6.0-dev.20150726',
120 silly addNameRange     '1.6.0-dev.20150727',
120 silly addNameRange     '1.6.0-dev.20150728',
120 silly addNameRange     '1.6.0-dev.20150729',
120 silly addNameRange     '1.6.0-dev.20150730',
120 silly addNameRange     '1.6.0-dev.20150731',
120 silly addNameRange     '1.6.0-dev.20150801',
120 silly addNameRange     '1.6.0-dev.20150802',
120 silly addNameRange     '1.6.0-dev.20150803',
120 silly addNameRange     '1.6.0-dev.20150804',
120 silly addNameRange     '1.6.0-dev.20150805',
120 silly addNameRange     '1.6.0-dev.20150806',
120 silly addNameRange     '1.6.0-dev.20150807',
120 silly addNameRange     '1.6.0-dev.20150808',
120 silly addNameRange     '1.6.0-dev.20150809',
120 silly addNameRange     '1.6.0-dev.20150810',
120 silly addNameRange     '1.6.0-dev.20150811',
120 silly addNameRange     '1.6.0-dev.20150812',
120 silly addNameRange     '1.6.0-dev.20150813',
120 silly addNameRange     '1.6.0-dev.20150814',
120 silly addNameRange     '1.6.0-dev.20150815',
120 silly addNameRange     '1.6.0-dev.20150816',
120 silly addNameRange     '1.6.0-dev.20150817',
120 silly addNameRange     '1.6.0-dev.20150818',
120 silly addNameRange     '1.6.0-dev.20150819',
120 silly addNameRange     '1.6.0-dev.20150820',
120 silly addNameRange     '1.6.0-dev.20150821',
120 silly addNameRange     '1.6.0-dev.20150822',
120 silly addNameRange     '1.6.0-dev.20150823',
120 silly addNameRange     '1.6.0-dev.20150824',
120 silly addNameRange     '1.6.0-dev.20150825',
120 silly addNameRange     '1.7.0-dev.20150826',
120 silly addNameRange     '1.7.0-dev.20150827',
120 silly addNameRange     '1.7.0-dev.20150828',
120 silly addNameRange     '1.7.0-dev.20150829',
120 silly addNameRange     '1.7.0-dev.20150830',
120 silly addNameRange     '1.7.0-dev.20150831',
120 silly addNameRange     '1.7.0-dev.20150901',
120 silly addNameRange     '1.7.0-dev.20150902',
120 silly addNameRange     '1.6.0-beta',
120 silly addNameRange     '1.7.0-dev.20150903',
120 silly addNameRange     '1.7.0-dev.20150904',
120 silly addNameRange     '1.6.0-dev.20150905',
120 silly addNameRange     '1.6.0-dev.20150906',
120 silly addNameRange     '1.6.0-dev.20150907',
120 silly addNameRange     '1.6.0-dev.20150908',
120 silly addNameRange     '1.6.0-dev.20150909',
120 silly addNameRange     '1.6.0-dev.20150910',
120 silly addNameRange     '1.6.0-dev.20150911',
120 silly addNameRange     '1.6.0-dev.20150912',
120 silly addNameRange     '1.6.0-dev.20150913',
120 silly addNameRange     '1.6.0-dev.20150914',
120 silly addNameRange     '1.6.0-dev.20150915',
120 silly addNameRange     '1.7.0-dev.20150916',
120 silly addNameRange     '1.6.2',
120 silly addNameRange     '1.7.0-dev.20150917',
120 silly addNameRange     '1.7.0-dev.20150918',
120 silly addNameRange     '1.7.0-dev.20150919',
120 silly addNameRange     '1.7.0-dev.20150920',
120 silly addNameRange     '1.7.0-dev.20150921',
120 silly addNameRange     '1.7.0-dev.20150922',
120 silly addNameRange     '1.7.0-dev.20150923',
120 silly addNameRange     '1.7.0-dev.20150924',
120 silly addNameRange     '1.7.0-dev.20150925',
120 silly addNameRange     '1.7.0-dev.20150926',
120 silly addNameRange     '1.7.0-dev.20150927',
120 silly addNameRange     '1.7.0-dev.20150928',
120 silly addNameRange     '1.7.0-dev.20150929',
120 silly addNameRange     '1.7.0-dev.20150930',
120 silly addNameRange     '1.7.0-dev.20151001',
120 silly addNameRange     '1.7.0-dev.20151002',
120 silly addNameRange     '1.7.0-dev.20151003',
120 silly addNameRange     '1.7.0-dev.20151004',
120 silly addNameRange     '1.7.0-dev.20151005',
120 silly addNameRange     '1.7.0-dev.20151006',
120 silly addNameRange     '1.7.0-dev.20151014',
120 silly addNameRange     '1.7.0-dev.20151015',
120 silly addNameRange     ... 656 more items ] ]
121 verbose addNamed [ 'typescript', '2.4.1' ]
122 verbose addNamed [ '2.4.1', '2.4.1' ]
123 silly lockFile 34d67f4d-typescript-2-4-1 typescript@2.4.1
124 verbose lock typescript@2.4.1 C:\Users\User\AppData\Roaming\npm-cache\34d67f4d-typescript-2-4-1.lock
125 silly addNameRange number 2 { name: 'eslint', range: '>=3.6.0-0 <4.0.0-0', hasData: true }
126 silly addNameRange versions [ 'eslint',
126 silly addNameRange   [ '0.0.4',
126 silly addNameRange     '0.0.5',
126 silly addNameRange     '0.0.6',
126 silly addNameRange     '0.0.7',
126 silly addNameRange     '0.1.0-dev',
126 silly addNameRange     '0.1.0',
126 silly addNameRange     '0.1.1',
126 silly addNameRange     '0.1.2',
126 silly addNameRange     '0.1.3',
126 silly addNameRange     '0.1.4',
126 silly addNameRange     '0.2.0',
126 silly addNameRange     '0.3.0',
126 silly addNameRange     '0.4.0',
126 silly addNameRange     '0.4.1',
126 silly addNameRange     '0.4.2',
126 silly addNameRange     '0.4.3',
126 silly addNameRange     '0.4.4',
126 silly addNameRange     '0.4.5',
126 silly addNameRange     '0.5.0',
126 silly addNameRange     '0.5.1',
126 silly addNameRange     '0.6.0',
126 silly addNameRange     '0.6.1',
126 silly addNameRange     '0.6.2',
126 silly addNameRange     '0.7.1',
126 silly addNameRange     '0.7.2',
126 silly addNameRange     '0.7.3',
126 silly addNameRange     '0.7.4',
126 silly addNameRange     '0.8.0',
126 silly addNameRange     '0.8.1',
126 silly addNameRange     '0.8.2',
126 silly addNameRange     '0.9.0',
126 silly addNameRange     '0.9.1',
126 silly addNameRange     '0.9.2',
126 silly addNameRange     '0.10.0-alpha',
126 silly addNameRange     '0.10.0-alpha.1',
126 silly addNameRange     '0.10.0-alpha.2',
126 silly addNameRange     '0.10.0',
126 silly addNameRange     '0.11.0-alpha.0',
126 silly addNameRange     '0.10.1',
126 silly addNameRange     '0.10.2',
126 silly addNameRange     '0.11.0',
126 silly addNameRange     '0.12.0',
126 silly addNameRange     '0.13.0',
126 silly addNameRange     '0.14.0',
126 silly addNameRange     '0.14.1',
126 silly addNameRange     '0.15.0',
126 silly addNameRange     '0.15.1',
126 silly addNameRange     '0.16.0',
126 silly addNameRange     '0.16.1',
126 silly addNameRange     '0.16.2',
126 silly addNameRange     '0.17.0',
126 silly addNameRange     '0.17.1',
126 silly addNameRange     '0.18.0',
126 silly addNameRange     '0.19.0',
126 silly addNameRange     '0.20.0',
126 silly addNameRange     '0.21.0',
126 silly addNameRange     '0.21.1',
126 silly addNameRange     '0.21.2',
126 silly addNameRange     '0.22.0',
126 silly addNameRange     '0.22.1',
126 silly addNameRange     '0.23.0',
126 silly addNameRange     '0.24.0',
126 silly addNameRange     '0.24.1',
126 silly addNameRange     '1.0.0-rc-1',
126 silly addNameRange     '1.0.0-rc-2',
126 silly addNameRange     '1.0.0-rc-3',
126 silly addNameRange     '1.0.0',
126 silly addNameRange     '1.1.0',
126 silly addNameRange     '1.2.0',
126 silly addNameRange     '1.2.1',
126 silly addNameRange     '1.3.0',
126 silly addNameRange     '1.3.1',
126 silly addNameRange     '1.4.0',
126 silly addNameRange     '1.4.1',
126 silly addNameRange     '1.4.2',
126 silly addNameRange     '1.4.3',
126 silly addNameRange     '1.5.0',
126 silly addNameRange     '1.5.1',
126 silly addNameRange     '1.6.0',
126 silly addNameRange     '1.7.0',
126 silly addNameRange     '1.7.1',
126 silly addNameRange     '1.7.2',
126 silly addNameRange     '1.7.3',
126 silly addNameRange     '1.8.0',
126 silly addNameRange     '1.9.0',
126 silly addNameRange     '1.10.0',
126 silly addNameRange     '1.10.1',
126 silly addNameRange     '1.10.2',
126 silly addNameRange     '1.10.3',
126 silly addNameRange     '2.0.0-alpha-1',
126 silly addNameRange     '2.0.0-alpha-2',
126 silly addNameRange     '2.0.0-beta.1',
126 silly addNameRange     '2.0.0-beta.2',
126 silly addNameRange     '2.0.0-beta.3',
126 silly addNameRange     '2.0.0-rc.0',
126 silly addNameRange     '2.0.0-rc.1',
126 silly addNameRange     '2.0.0',
126 silly addNameRange     '2.1.0',
126 silly addNameRange     '2.2.0',
126 silly addNameRange     '2.3.0',
126 silly addNameRange     ... 63 more items ] ]
127 verbose addNamed [ 'eslint', '3.19.0' ]
128 verbose addNamed [ '3.19.0', '3.19.0' ]
129 silly lockFile 043bbbb4-eslint-3-19-0 eslint@3.19.0
130 verbose lock eslint@3.19.0 C:\Users\User\AppData\Roaming\npm-cache\043bbbb4-eslint-3-19-0.lock
131 silly addNameRange number 2 { name: 'mocha', range: '>=2.3.3-0 <3.0.0-0', hasData: true }
132 silly addNameRange versions [ 'mocha',
132 silly addNameRange   [ '0.0.1-alpha1',
132 silly addNameRange     '0.0.1-alpha2',
132 silly addNameRange     '0.0.1-alpha3',
132 silly addNameRange     '0.0.1-alpha4',
132 silly addNameRange     '0.0.1-alpha5',
132 silly addNameRange     '0.0.1-alpha6',
132 silly addNameRange     '0.0.1',
132 silly addNameRange     '0.0.2',
132 silly addNameRange     '0.0.3',
132 silly addNameRange     '0.0.4',
132 silly addNameRange     '0.0.5',
132 silly addNameRange     '0.0.6',
132 silly addNameRange     '0.0.7',
132 silly addNameRange     '0.0.8',
132 silly addNameRange     '0.1.0',
132 silly addNameRange     '0.2.0',
132 silly addNameRange     '0.3.0',
132 silly addNameRange     '0.3.1',
132 silly addNameRange     '0.3.2',
132 silly addNameRange     '0.3.3',
132 silly addNameRange     '0.3.4',
132 silly addNameRange     '0.3.6',
132 silly addNameRange     '0.4.0',
132 silly addNameRange     '0.5.0',
132 silly addNameRange     '0.6.0',
132 silly addNameRange     '0.7.0',
132 silly addNameRange     '0.7.1',
132 silly addNameRange     '0.8.0',
132 silly addNameRange     '0.8.1',
132 silly addNameRange     '0.9.0',
132 silly addNameRange     '0.10.0',
132 silly addNameRange     '0.10.1',
132 silly addNameRange     '0.10.2',
132 silly addNameRange     '0.11.0',
132 silly addNameRange     '0.12.0',
132 silly addNameRange     '0.12.1',
132 silly addNameRange     '0.13.0',
132 silly addNameRange     '0.14.0',
132 silly addNameRange     '0.14.1',
132 silly addNameRange     '1.0.0',
132 silly addNameRange     '1.0.1',
132 silly addNameRange     '1.0.2',
132 silly addNameRange     '1.0.3',
132 silly addNameRange     '1.1.0',
132 silly addNameRange     '1.2.0',
132 silly addNameRange     '1.2.1',
132 silly addNameRange     '1.2.2',
132 silly addNameRange     '1.3.0',
132 silly addNameRange     '1.3.1',
132 silly addNameRange     '1.3.2',
132 silly addNameRange     '1.4.0',
132 silly addNameRange     '1.4.1',
132 silly addNameRange     '1.4.2',
132 silly addNameRange     '1.4.3',
132 silly addNameRange     '1.5.0',
132 silly addNameRange     '1.6.0',
132 silly addNameRange     '1.7.0',
132 silly addNameRange     '1.7.1',
132 silly addNameRange     '1.7.2',
132 silly addNameRange     '1.7.3',
132 silly addNameRange     '1.7.4',
132 silly addNameRange     '1.8.0',
132 silly addNameRange     '1.8.1',
132 silly addNameRange     '1.8.2',
132 silly addNameRange     '1.9.0',
132 silly addNameRange     '1.10.0',
132 silly addNameRange     '1.11.0',
132 silly addNameRange     '1.12.0',
132 silly addNameRange     '1.12.1',
132 silly addNameRange     '1.13.0',
132 silly addNameRange     '1.14.0',
132 silly addNameRange     '1.15.0',
132 silly addNameRange     '1.15.1',
132 silly addNameRange     '1.16.0',
132 silly addNameRange     '1.16.1',
132 silly addNameRange     '1.16.2',
132 silly addNameRange     '1.17.0',
132 silly addNameRange     '1.17.1',
132 silly addNameRange     '1.18.0',
132 silly addNameRange     '1.18.1',
132 silly addNameRange     '1.18.2',
132 silly addNameRange     '1.19.0',
132 silly addNameRange     '1.20.0',
132 silly addNameRange     '1.20.1',
132 silly addNameRange     '1.21.0',
132 silly addNameRange     '1.21.1',
132 silly addNameRange     '1.21.2',
132 silly addNameRange     '1.21.3',
132 silly addNameRange     '1.21.4',
132 silly addNameRange     '1.21.5',
132 silly addNameRange     '2.0.0',
132 silly addNameRange     '2.0.1',
132 silly addNameRange     '2.1.0',
132 silly addNameRange     '2.2.0',
132 silly addNameRange     '2.2.1',
132 silly addNameRange     '2.2.3',
132 silly addNameRange     '2.2.4',
132 silly addNameRange     '2.2.5',
132 silly addNameRange     '2.3.0',
132 silly addNameRange     '2.3.1',
132 silly addNameRange     ... 25 more items ] ]
133 verbose addNamed [ 'mocha', '2.5.3' ]
134 verbose addNamed [ '2.5.3', '2.5.3' ]
135 silly lockFile 2f42055f-mocha-2-5-3 mocha@2.5.3
136 verbose lock mocha@2.5.3 C:\Users\User\AppData\Roaming\npm-cache\2f42055f-mocha-2-5-3.lock
137 silly addNameRange number 2 { name: 'vscode', range: '>=1.0.0-0 <2.0.0-0', hasData: true }
138 silly addNameRange versions [ 'vscode',
138 silly addNameRange   [ '0.8.0',
138 silly addNameRange     '0.9.0-pre.1',
138 silly addNameRange     '0.9.0-pre.2',
138 silly addNameRange     '0.9.0-pre.3',
138 silly addNameRange     '0.9.0-pre.4',
138 silly addNameRange     '0.9.0-pre.5',
138 silly addNameRange     '0.9.0-pre.6',
138 silly addNameRange     '0.9.0-pre.7',
138 silly addNameRange     '0.9.0-pre.8',
138 silly addNameRange     '0.9.0-pre.9',
138 silly addNameRange     '0.9.0-pre.10',
138 silly addNameRange     '0.9.0-pre.11',
138 silly addNameRange     '0.9.0-pre.12',
138 silly addNameRange     '0.9.0-pre.13',
138 silly addNameRange     '0.9.0',
138 silly addNameRange     '0.9.1',
138 silly addNameRange     '0.9.2',
138 silly addNameRange     '0.9.3',
138 silly addNameRange     '0.9.4',
138 silly addNameRange     '0.9.5',
138 silly addNameRange     '0.9.6',
138 silly addNameRange     '0.10.0-pre.1',
138 silly addNameRange     '0.10.0-pre.2',
138 silly addNameRange     '0.10.0-pre.3',
138 silly addNameRange     '0.10.0-pre.4',
138 silly addNameRange     '0.9.7',
138 silly addNameRange     '0.10.0-pre.5',
138 silly addNameRange     '0.9.8',
138 silly addNameRange     '0.10.0-pre.6',
138 silly addNameRange     '0.10.0-pre.7',
138 silly addNameRange     '0.10.0-pre.8',
138 silly addNameRange     '0.10.0-pre.9',
138 silly addNameRange     '0.10.0-pre.10',
138 silly addNameRange     '0.10.0-pre.11',
138 silly addNameRange     '0.10.0-pre.12',
138 silly addNameRange     '0.10.0-pre.13',
138 silly addNameRange     '0.10.0-pre.14',
138 silly addNameRange     '0.10.0-pre.15',
138 silly addNameRange     '0.10.0-pre.16',
138 silly addNameRange     '0.10.0-pre.17',
138 silly addNameRange     '0.10.0-pre.18',
138 silly addNameRange     '0.10.0-pre.19',
138 silly addNameRange     '0.10.0-pre.20',
138 silly addNameRange     '0.9.9',
138 silly addNameRange     '0.10.0-pre.21',
138 silly addNameRange     '0.10.0-pre.22',
138 silly addNameRange     '0.10.0-pre.23',
138 silly addNameRange     '0.10.0-pre.24',
138 silly addNameRange     '0.10.0-pre.26',
138 silly addNameRange     '0.10.0-pre.27',
138 silly addNameRange     '0.10.0-pre.28',
138 silly addNameRange     '0.10.0',
138 silly addNameRange     '0.10.1',
138 silly addNameRange     '0.10.2',
138 silly addNameRange     '0.10.3',
138 silly addNameRange     '0.10.4',
138 silly addNameRange     '0.10.5',
138 silly addNameRange     '0.10.6',
138 silly addNameRange     '0.10.7-pre.1',
138 silly addNameRange     '0.10.7-pre.2',
138 silly addNameRange     '0.10.7-pre.3',
138 silly addNameRange     '0.10.7',
138 silly addNameRange     '0.11.0',
138 silly addNameRange     '0.11.1',
138 silly addNameRange     '0.11.2',
138 silly addNameRange     '0.11.3',
138 silly addNameRange     '0.11.4',
138 silly addNameRange     '0.11.5',
138 silly addNameRange     '0.11.6',
138 silly addNameRange     '0.11.7',
138 silly addNameRange     '0.11.8',
138 silly addNameRange     '0.11.9',
138 silly addNameRange     '0.11.10',
138 silly addNameRange     '0.11.11',
138 silly addNameRange     '0.11.12',
138 silly addNameRange     '0.11.13',
138 silly addNameRange     '0.11.14',
138 silly addNameRange     '0.11.15',
138 silly addNameRange     '0.11.16',
138 silly addNameRange     '0.11.17',
138 silly addNameRange     '0.11.18',
138 silly addNameRange     '1.0.0-beta.1',
138 silly addNameRange     '1.0.0-beta.2',
138 silly addNameRange     '1.0.0',
138 silly addNameRange     '1.0.1',
138 silly addNameRange     '1.0.2',
138 silly addNameRange     '1.0.3',
138 silly addNameRange     '1.0.4',
138 silly addNameRange     '1.0.5',
138 silly addNameRange     '1.0.6',
138 silly addNameRange     '1.1.0',
138 silly addNameRange     '1.1.1' ] ]
139 verbose addNamed [ 'vscode', '1.1.1' ]
140 verbose addNamed [ '1.1.1', '1.1.1' ]
141 silly lockFile 89d6d564-vscode-1-1-1 vscode@1.1.1
142 verbose lock vscode@1.1.1 C:\Users\User\AppData\Roaming\npm-cache\89d6d564-vscode-1-1-1.lock
143 silly lockFile 34d67f4d-typescript-2-4-1 typescript@2.4.1
144 silly lockFile 34d67f4d-typescript-2-4-1 typescript@2.4.1
145 silly lockFile 043bbbb4-eslint-3-19-0 eslint@3.19.0
146 silly lockFile 043bbbb4-eslint-3-19-0 eslint@3.19.0
147 silly lockFile 2f42055f-mocha-2-5-3 mocha@2.5.3
148 silly lockFile 2f42055f-mocha-2-5-3 mocha@2.5.3
149 silly lockFile fcf6d2df-typescript-2-0-3 typescript@^2.0.3
150 silly lockFile fcf6d2df-typescript-2-0-3 typescript@^2.0.3
151 silly lockFile 0f184ee5-eslint-3-6-0 eslint@^3.6.0
152 silly lockFile 0f184ee5-eslint-3-6-0 eslint@^3.6.0
153 silly lockFile 269a5e08-mocha-2-3-3 mocha@^2.3.3
154 silly lockFile 269a5e08-mocha-2-3-3 mocha@^2.3.3
155 silly lockFile 89d6d564-vscode-1-1-1 vscode@1.1.1
156 silly lockFile 89d6d564-vscode-1-1-1 vscode@1.1.1
157 silly lockFile 3fffe118-vscode-1-0-0 vscode@^1.0.0
158 silly lockFile 3fffe118-vscode-1-0-0 vscode@^1.0.0
159 http 404 https://registry.npmjs.org/types/mocha
160 silly registry.get cb [ 404,
160 silly registry.get   { 'content-type': 'application/json',
160 silly registry.get     'cache-control': 'max-age=0',
160 silly registry.get     'content-length': '2',
160 silly registry.get     'accept-ranges': 'bytes',
160 silly registry.get     date: 'Fri, 30 Jun 2017 15:05:22 GMT',
160 silly registry.get     via: '1.1 varnish',
160 silly registry.get     age: '0',
160 silly registry.get     connection: 'close',
160 silly registry.get     'x-served-by': 'cache-atl6224-ATL',
160 silly registry.get     'x-cache': 'MISS',
160 silly registry.get     'x-cache-hits': '0',
160 silly registry.get     'x-timer': 'S1498835123.661717,VS0,VE214',
160 silly registry.get     vary: 'Accept-Encoding' } ]
161 silly lockFile 96189d3f-types-mocha-2-2-32 types/mocha@^2.2.32
162 silly lockFile 96189d3f-types-mocha-2-2-32 types/mocha@^2.2.32
163 error 404 Not Found
163 error 404
163 error 404 'types/mocha' is not in the npm registry.
163 error 404 You should bug the author to publish it
163 error 404 It was specified as a dependency of 'g-engin'
163 error 404
163 error 404 Note that you can also install from a
163 error 404 tarball, folder, or http url, or git url.
164 error System Windows_NT 10.0.14393
165 error command "C:\\Program Files\\nodejs\\node.exe" "C:\\ProgramData\\chocolatey\\lib\\npm\\tools\\node_modules\\npm\\bin\\npm-cli.js" "install"
166 error cwd D:\GitHub\LivrosQueJaLi\g-engin
167 error node -v v8.0.0
168 error npm -v 1.4.9
169 error code E404
170 verbose exit [ 1, true ]
